<?xml version="1.0" ?>
<!DOCTYPE coverage SYSTEM 'http://cobertura.sourceforge.net/xml/coverage-04.dtd'>
<coverage line-rate="0.452" lines-covered="480" lines-valid="1062" branch-rate="1.0" branches-covered="1.0" branches-rate="1.0" complexity="1.0" version="1.9" timestamp="1779658938">
	<sources>
		<source>/home/raul/Devel/rsd/</source>
	</sources>
	<packages>
		<package name="bats" line-rate="0.452" lines-covered="480" lines-valid="1062" branch-rate="1.0" complexity="1.0">
			<classes>
				<class name="test__0" filename="command/test" branch-rate="1.0" complexity="1.0" line-rate="0.529">
					<lines>
						<line number="3" hits="4"/>
						<line number="4" hits="0"/>
						<line number="5" hits="0"/>
						<line number="6" hits="0"/>
						<line number="9" hits="2"/>
						<line number="11" hits="4"/>
						<line number="15" hits="0"/>
						<line number="16" hits="0"/>
						<line number="20" hits="1"/>
						<line number="21" hits="1"/>
						<line number="22" hits="1"/>
						<line number="23" hits="1"/>
						<line number="24" hits="1"/>
						<line number="25" hits="1"/>
						<line number="30" hits="0"/>
						<line number="31" hits="0"/>
						<line number="32" hits="0"/>
					</lines>
				</class>
				<class name="kpx__1" filename="command/kpx" branch-rate="1.0" complexity="1.0" line-rate="0.333">
					<lines>
						<line number="3" hits="2"/>
						<line number="4" hits="0"/>
						<line number="5" hits="0"/>
						<line number="6" hits="0"/>
						<line number="10" hits="3"/>
						<line number="12" hits="1"/>
						<line number="13" hits="1"/>
						<line number="16" hits="0"/>
						<line number="17" hits="0"/>
						<line number="18" hits="0"/>
						<line number="19" hits="0"/>
						<line number="21" hits="0"/>
					</lines>
				</class>
				<class name="completion__2" filename="command/completion" branch-rate="1.0" complexity="1.0" line-rate="0.048">
					<lines>
						<line number="3" hits="2"/>
						<line number="4" hits="0"/>
						<line number="5" hits="0"/>
						<line number="6" hits="0"/>
						<line number="12" hits="1"/>
						<line number="17" hits="0"/>
						<line number="21" hits="0"/>
						<line number="22" hits="0"/>
						<line number="26" hits="0"/>
						<line number="27" hits="0"/>
						<line number="28" hits="0"/>
						<line number="30" hits="0"/>
						<line number="31" hits="0"/>
						<line number="32" hits="0"/>
						<line number="35" hits="0"/>
						<line number="37" hits="0"/>
						<line number="41" hits="0"/>
						<line number="42" hits="0"/>
						<line number="43" hits="0"/>
						<line number="45" hits="0"/>
						<line number="46" hits="0"/>
						<line number="47" hits="0"/>
						<line number="50" hits="0"/>
						<line number="52" hits="0"/>
						<line number="56" hits="0"/>
						<line number="57" hits="0"/>
						<line number="59" hits="0"/>
						<line number="60" hits="0"/>
						<line number="62" hits="0"/>
						<line number="66" hits="0"/>
						<line number="67" hits="0"/>
						<line number="68" hits="0"/>
						<line number="69" hits="0"/>
						<line number="70" hits="0"/>
						<line number="72" hits="0"/>
						<line number="74" hits="0"/>
						<line number="75" hits="0"/>
						<line number="76" hits="0"/>
						<line number="78" hits="0"/>
						<line number="80" hits="0"/>
						<line number="81" hits="0"/>
						<line number="83" hits="0"/>
					</lines>
				</class>
				<class name="gpg_lib__3" filename="lib/gpg.lib" branch-rate="1.0" complexity="1.0" line-rate="0.722">
					<lines>
						<line number="3" hits="12"/>
						<line number="4" hits="0"/>
						<line number="5" hits="0"/>
						<line number="6" hits="0"/>
						<line number="9" hits="7"/>
						<line number="10" hits="7"/>
						<line number="12" hits="21"/>
						<line number="15" hits="14"/>
						<line number="22" hits="7"/>
						<line number="34" hits="16"/>
						<line number="35" hits="16"/>
						<line number="36" hits="16"/>
						<line number="37" hits="16"/>
						<line number="39" hits="16"/>
						<line number="40" hits="91"/>
						<line number="41" hits="16"/>
						<line number="54" hits="7"/>
						<line number="55" hits="0"/>
						<line number="58" hits="7"/>
						<line number="60" hits="7"/>
						<line number="61" hits="12"/>
						<line number="62" hits="7"/>
						<line number="64" hits="7"/>
						<line number="66" hits="7"/>
						<line number="67" hits="0"/>
						<line number="68" hits="0"/>
						<line number="69" hits="0"/>
						<line number="72" hits="7"/>
						<line number="73" hits="7"/>
						<line number="74" hits="0"/>
						<line number="75" hits="0"/>
						<line number="76" hits="0"/>
						<line number="77" hits="0"/>
						<line number="80" hits="7"/>
						<line number="81" hits="7"/>
						<line number="82" hits="1"/>
						<line number="83" hits="1"/>
						<line number="84" hits="1"/>
						<line number="87" hits="6"/>
						<line number="89" hits="6"/>
						<line number="91" hits="6"/>
						<line number="92" hits="6"/>
						<line number="94" hits="0"/>
						<line number="95" hits="0"/>
						<line number="96" hits="0"/>
						<line number="102" hits="6"/>
						<line number="103" hits="6"/>
						<line number="105" hits="6"/>
						<line number="106" hits="6"/>
						<line number="107" hits="6"/>
						<line number="110" hits="12"/>
						<line number="111" hits="6"/>
						<line number="112" hits="18"/>
						<line number="113" hits="2"/>
						<line number="116" hits="36"/>
						<line number="117" hits="36"/>
						<line number="118" hits="24"/>
						<line number="120" hits="6"/>
						<line number="121" hits="8"/>
						<line number="122" hits="2"/>
						<line number="123" hits="0"/>
						<line number="126" hits="6"/>
						<line number="138" hits="2"/>
						<line number="139" hits="2"/>
						<line number="141" hits="2"/>
						<line number="142" hits="2"/>
						<line number="144" hits="2"/>
						<line number="145" hits="0"/>
						<line number="146" hits="0"/>
						<line number="149" hits="2"/>
						<line number="150" hits="1"/>
						<line number="151" hits="1"/>
						<line number="154" hits="1"/>
						<line number="155" hits="1"/>
						<line number="156" hits="1"/>
						<line number="158" hits="0"/>
						<line number="159" hits="0"/>
						<line number="172" hits="1"/>
						<line number="173" hits="1"/>
						<line number="175" hits="1"/>
						<line number="176" hits="1"/>
						<line number="177" hits="0"/>
						<line number="178" hits="0"/>
						<line number="180" hits="1"/>
						<line number="182" hits="1"/>
						<line number="183" hits="0"/>
						<line number="184" hits="0"/>
						<line number="187" hits="1"/>
						<line number="188" hits="0"/>
						<line number="189" hits="0"/>
						<line number="192" hits="1"/>
						<line number="193" hits="1"/>
						<line number="194" hits="1"/>
						<line number="196" hits="0"/>
						<line number="197" hits="0"/>
						<line number="202" hits="7"/>
						<line number="203" hits="7"/>
					</lines>
				</class>
				<class name="gpg__4" filename="command/gpg" branch-rate="1.0" complexity="1.0" line-rate="0.235">
					<lines>
						<line number="3" hits="6"/>
						<line number="4" hits="0"/>
						<line number="5" hits="0"/>
						<line number="6" hits="0"/>
						<line number="9" hits="9"/>
						<line number="11" hits="3"/>
						<line number="12" hits="3"/>
						<line number="15" hits="0"/>
						<line number="16" hits="0"/>
						<line number="17" hits="0"/>
						<line number="18" hits="0"/>
						<line number="19" hits="0"/>
						<line number="20" hits="0"/>
						<line number="24" hits="0"/>
						<line number="25" hits="0"/>
						<line number="26" hits="0"/>
						<line number="28" hits="0"/>
						<line number="33" hits="0"/>
						<line number="34" hits="0"/>
						<line number="38" hits="0"/>
						<line number="40" hits="0"/>
						<line number="41" hits="0"/>
						<line number="42" hits="0"/>
						<line number="43" hits="0"/>
						<line number="44" hits="0"/>
						<line number="45" hits="0"/>
						<line number="46" hits="0"/>
						<line number="48" hits="0"/>
						<line number="49" hits="0"/>
						<line number="50" hits="0"/>
						<line number="51" hits="0"/>
						<line number="54" hits="0"/>
						<line number="55" hits="0"/>
						<line number="57" hits="0"/>
						<line number="58" hits="0"/>
						<line number="60" hits="0"/>
						<line number="61" hits="0"/>
						<line number="62" hits="0"/>
						<line number="63" hits="0"/>
						<line number="65" hits="0"/>
						<line number="66" hits="0"/>
						<line number="67" hits="0"/>
						<line number="68" hits="0"/>
						<line number="72" hits="1"/>
						<line number="73" hits="1"/>
						<line number="74" hits="1"/>
						<line number="75" hits="1"/>
						<line number="79" hits="1"/>
						<line number="80" hits="1"/>
						<line number="81" hits="1"/>
						<line number="82" hits="1"/>
					</lines>
				</class>
				<class name="config_lib__5" filename="lib/config.lib" branch-rate="1.0" complexity="1.0" line-rate="0.393">
					<lines>
						<line number="3" hits="28"/>
						<line number="4" hits="0"/>
						<line number="5" hits="0"/>
						<line number="6" hits="0"/>
						<line number="20" hits="16"/>
						<line number="22" hits="16"/>
						<line number="31" hits="16"/>
						<line number="33" hits="16"/>
						<line number="34" hits="16"/>
						<line number="35" hits="16"/>
						<line number="36" hits="16"/>
						<line number="37" hits="16"/>
						<line number="38" hits="28"/>
						<line number="41" hits="16"/>
						<line number="42" hits="16"/>
						<line number="43" hits="0"/>
						<line number="44" hits="0"/>
						<line number="49" hits="16"/>
						<line number="52" hits="16"/>
						<line number="55" hits="16"/>
						<line number="56" hits="16"/>
						<line number="60" hits="16"/>
						<line number="61" hits="16"/>
						<line number="62" hits="16"/>
						<line number="65" hits="16"/>
						<line number="66" hits="0"/>
						<line number="67" hits="16"/>
						<line number="69" hits="0"/>
						<line number="70" hits="16"/>
						<line number="71" hits="0"/>
						<line number="75" hits="16"/>
						<line number="77" hits="32"/>
						<line number="80" hits="32"/>
						<line number="86" hits="212"/>
						<line number="87" hits="212"/>
						<line number="88" hits="496"/>
						<line number="91" hits="208"/>
						<line number="92" hits="36"/>
						<line number="93" hits="36"/>
						<line number="97" hits="208"/>
						<line number="98" hits="0"/>
						<line number="99" hits="0"/>
						<line number="100" hits="0"/>
						<line number="102" hits="0"/>
						<line number="116" hits="0"/>
						<line number="117" hits="0"/>
						<line number="118" hits="0"/>
						<line number="119" hits="0"/>
						<line number="121" hits="0"/>
						<line number="122" hits="0"/>
						<line number="123" hits="0"/>
						<line number="124" hits="0"/>
						<line number="125" hits="0"/>
						<line number="126" hits="0"/>
						<line number="128" hits="0"/>
						<line number="129" hits="0"/>
						<line number="130" hits="0"/>
						<line number="133" hits="0"/>
						<line number="136" hits="0"/>
						<line number="137" hits="0"/>
						<line number="139" hits="0"/>
						<line number="140" hits="0"/>
						<line number="142" hits="0"/>
						<line number="143" hits="0"/>
						<line number="144" hits="0"/>
						<line number="145" hits="0"/>
						<line number="146" hits="0"/>
						<line number="147" hits="0"/>
						<line number="149" hits="0"/>
						<line number="160" hits="0"/>
						<line number="161" hits="0"/>
						<line number="162" hits="0"/>
						<line number="164" hits="0"/>
						<line number="165" hits="0"/>
						<line number="166" hits="0"/>
						<line number="169" hits="0"/>
						<line number="171" hits="0"/>
						<line number="172" hits="0"/>
						<line number="173" hits="0"/>
						<line number="175" hits="0"/>
						<line number="176" hits="0"/>
						<line number="177" hits="0"/>
						<line number="179" hits="0"/>
						<line number="184" hits="32"/>
					</lines>
				</class>
				<class name="bash_extensions_lib__6" filename="lib/bash_extensions.lib" branch-rate="1.0" complexity="1.0" line-rate="0.212">
					<lines>
						<line number="3" hits="34"/>
						<line number="4" hits="0"/>
						<line number="5" hits="0"/>
						<line number="6" hits="0"/>
						<line number="9" hits="20"/>
						<line number="15" hits="22"/>
						<line number="17" hits="22"/>
						<line number="18" hits="0"/>
						<line number="19" hits="0"/>
						<line number="22" hits="66"/>
						<line number="23" hits="9"/>
						<line number="25" hits="13"/>
						<line number="30" hits="0"/>
						<line number="31" hits="0"/>
						<line number="35" hits="0"/>
						<line number="36" hits="0"/>
						<line number="46" hits="34"/>
						<line number="47" hits="0"/>
						<line number="48" hits="0"/>
						<line number="49" hits="0"/>
						<line number="51" hits="68"/>
						<line number="62" hits="8"/>
						<line number="63" hits="3"/>
						<line number="73" hits="0"/>
						<line number="74" hits="0"/>
						<line number="76" hits="0"/>
						<line number="77" hits="0"/>
						<line number="78" hits="0"/>
						<line number="81" hits="0"/>
						<line number="82" hits="0"/>
						<line number="83" hits="0"/>
						<line number="86" hits="0"/>
						<line number="88" hits="0"/>
						<line number="89" hits="0"/>
						<line number="90" hits="0"/>
						<line number="100" hits="0"/>
						<line number="101" hits="0"/>
						<line number="103" hits="0"/>
						<line number="104" hits="0"/>
						<line number="105" hits="0"/>
						<line number="108" hits="0"/>
						<line number="109" hits="0"/>
						<line number="110" hits="0"/>
						<line number="113" hits="0"/>
						<line number="115" hits="0"/>
						<line number="116" hits="0"/>
						<line number="117" hits="0"/>
						<line number="122" hits="0"/>
						<line number="123" hits="0"/>
						<line number="125" hits="0"/>
						<line number="127" hits="0"/>
						<line number="128" hits="0"/>
					</lines>
				</class>
				<class name="kpx_lib__7" filename="lib/kpx.lib" branch-rate="1.0" complexity="1.0" line-rate="0.312">
					<lines>
						<line number="3" hits="2"/>
						<line number="4" hits="0"/>
						<line number="5" hits="0"/>
						<line number="6" hits="0"/>
						<line number="9" hits="1"/>
						<line number="10" hits="1"/>
						<line number="19" hits="1"/>
						<line number="21" hits="1"/>
						<line number="25" hits="0"/>
						<line number="26" hits="0"/>
						<line number="27" hits="0"/>
						<line number="29" hits="0"/>
						<line number="30" hits="0"/>
						<line number="31" hits="0"/>
						<line number="32" hits="0"/>
						<line number="34" hits="0"/>
					</lines>
				</class>
				<class name="net_lib__8" filename="lib/net.lib" branch-rate="1.0" complexity="1.0" line-rate="0.117">
					<lines>
						<line number="3" hits="12"/>
						<line number="4" hits="0"/>
						<line number="5" hits="0"/>
						<line number="6" hits="0"/>
						<line number="9" hits="7"/>
						<line number="10" hits="7"/>
						<line number="15" hits="7"/>
						<line number="16" hits="7"/>
						<line number="17" hits="7"/>
						<line number="18" hits="7"/>
						<line number="20" hits="0"/>
						<line number="21" hits="0"/>
						<line number="22" hits="0"/>
						<line number="23" hits="0"/>
						<line number="24" hits="0"/>
						<line number="27" hits="0"/>
						<line number="28" hits="0"/>
						<line number="29" hits="0"/>
						<line number="30" hits="0"/>
						<line number="31" hits="0"/>
						<line number="34" hits="0"/>
						<line number="35" hits="0"/>
						<line number="36" hits="0"/>
						<line number="37" hits="0"/>
						<line number="38" hits="0"/>
						<line number="39" hits="0"/>
						<line number="43" hits="0"/>
						<line number="44" hits="0"/>
						<line number="45" hits="0"/>
						<line number="46" hits="0"/>
						<line number="47" hits="0"/>
						<line number="50" hits="0"/>
						<line number="51" hits="0"/>
						<line number="52" hits="0"/>
						<line number="53" hits="0"/>
						<line number="54" hits="0"/>
						<line number="57" hits="0"/>
						<line number="58" hits="0"/>
						<line number="59" hits="0"/>
						<line number="60" hits="0"/>
						<line number="61" hits="0"/>
						<line number="62" hits="0"/>
						<line number="66" hits="0"/>
						<line number="67" hits="0"/>
						<line number="68" hits="0"/>
						<line number="69" hits="0"/>
						<line number="70" hits="0"/>
						<line number="73" hits="0"/>
						<line number="74" hits="0"/>
						<line number="75" hits="0"/>
						<line number="76" hits="0"/>
						<line number="77" hits="0"/>
						<line number="81" hits="0"/>
						<line number="82" hits="0"/>
						<line number="83" hits="0"/>
						<line number="84" hits="0"/>
						<line number="85" hits="0"/>
						<line number="88" hits="0"/>
						<line number="89" hits="0"/>
						<line number="90" hits="0"/>
					</lines>
				</class>
				<class name="rsd_lib__9" filename="lib/rsd.lib" branch-rate="1.0" complexity="1.0" line-rate="0.556">
					<lines>
						<line number="3" hits="14"/>
						<line number="4" hits="0"/>
						<line number="5" hits="0"/>
						<line number="6" hits="0"/>
						<line number="13" hits="8"/>
						<line number="16" hits="8"/>
						<line number="20" hits="23"/>
						<line number="21" hits="23"/>
						<line number="23" hits="23"/>
						<line number="24" hits="0"/>
						<line number="25" hits="0"/>
						<line number="26" hits="0"/>
						<line number="28" hits="23"/>
						<line number="33" hits="4"/>
						<line number="35" hits="8"/>
						<line number="36" hits="8"/>
						<line number="37" hits="8"/>
						<line number="38" hits="6"/>
						<line number="39" hits="3"/>
						<line number="40" hits="3"/>
						<line number="43" hits="1"/>
						<line number="52" hits="4"/>
						<line number="53" hits="4"/>
						<line number="54" hits="4"/>
						<line number="56" hits="8"/>
						<line number="57" hits="1"/>
						<line number="58" hits="1"/>
						<line number="60" hits="3"/>
						<line number="61" hits="3"/>
						<line number="72" hits="3"/>
						<line number="73" hits="3"/>
						<line number="74" hits="3"/>
						<line number="76" hits="13"/>
						<line number="83" hits="13"/>
						<line number="84" hits="1"/>
						<line number="85" hits="1"/>
						<line number="88" hits="2"/>
						<line number="94" hits="3"/>
						<line number="95" hits="3"/>
						<line number="96" hits="3"/>
						<line number="100" hits="6"/>
						<line number="101" hits="1"/>
						<line number="102" hits="1"/>
						<line number="103" hits="1"/>
						<line number="108" hits="2"/>
						<line number="109" hits="2"/>
						<line number="110" hits="2"/>
						<line number="111" hits="2"/>
						<line number="113" hits="0"/>
						<line number="114" hits="0"/>
						<line number="117" hits="0"/>
						<line number="122" hits="0"/>
						<line number="123" hits="0"/>
						<line number="124" hits="0"/>
						<line number="125" hits="0"/>
						<line number="126" hits="0"/>
						<line number="135" hits="2"/>
						<line number="136" hits="2"/>
						<line number="137" hits="2"/>
						<line number="138" hits="2"/>
						<line number="140" hits="2"/>
						<line number="144" hits="2"/>
						<line number="145" hits="2"/>
						<line number="146" hits="2"/>
						<line number="147" hits="2"/>
						<line number="148" hits="2"/>
						<line number="150" hits="0"/>
						<line number="155" hits="0"/>
						<line number="156" hits="0"/>
						<line number="160" hits="1"/>
						<line number="161" hits="1"/>
						<line number="162" hits="1"/>
						<line number="164" hits="7"/>
						<line number="166" hits="24"/>
						<line number="168" hits="24"/>
						<line number="169" hits="48"/>
						<line number="174" hits="4"/>
						<line number="176" hits="4"/>
						<line number="178" hits="1"/>
						<line number="182" hits="0"/>
						<line number="183" hits="0"/>
						<line number="184" hits="0"/>
						<line number="192" hits="0"/>
						<line number="193" hits="0"/>
						<line number="194" hits="0"/>
						<line number="195" hits="0"/>
						<line number="197" hits="0"/>
						<line number="198" hits="0"/>
						<line number="199" hits="0"/>
						<line number="200" hits="0"/>
						<line number="201" hits="0"/>
						<line number="203" hits="0"/>
						<line number="204" hits="0"/>
						<line number="205" hits="0"/>
						<line number="206" hits="0"/>
						<line number="207" hits="0"/>
						<line number="208" hits="0"/>
						<line number="209" hits="0"/>
						<line number="210" hits="0"/>
						<line number="212" hits="0"/>
						<line number="215" hits="0"/>
						<line number="218" hits="0"/>
						<line number="219" hits="0"/>
						<line number="221" hits="0"/>
						<line number="227" hits="0"/>
						<line number="228" hits="0"/>
						<line number="229" hits="0"/>
						<line number="230" hits="0"/>
						<line number="232" hits="0"/>
						<line number="233" hits="0"/>
						<line number="234" hits="0"/>
						<line number="235" hits="0"/>
						<line number="236" hits="0"/>
						<line number="242" hits="0"/>
						<line number="244" hits="0"/>
						<line number="246" hits="0"/>
						<line number="248" hits="0"/>
						<line number="250" hits="0"/>
						<line number="253" hits="0"/>
						<line number="258" hits="0"/>
						<line number="259" hits="0"/>
						<line number="260" hits="0"/>
						<line number="261" hits="0"/>
						<line number="263" hits="0"/>
						<line number="264" hits="0"/>
						<line number="265" hits="0"/>
						<line number="267" hits="0"/>
						<line number="269" hits="0"/>
						<line number="271" hits="0"/>
						<line number="275" hits="0"/>
						<line number="284" hits="39"/>
						<line number="285" hits="39"/>
						<line number="287" hits="39"/>
						<line number="288" hits="78"/>
						<line number="290" hits="0"/>
						<line number="291" hits="0"/>
						<line number="294" hits="39"/>
						<line number="299" hits="4"/>
						<line number="300" hits="8"/>
						<line number="301" hits="0"/>
						<line number="302" hits="0"/>
						<line number="304" hits="4"/>
						<line number="319" hits="0"/>
						<line number="327" hits="24"/>
						<line number="328" hits="24"/>
						<line number="329" hits="24"/>
						<line number="331" hits="24"/>
						<line number="332" hits="23"/>
						<line number="334" hits="24"/>
						<line number="335" hits="0"/>
						<line number="344" hits="45"/>
						<line number="345" hits="45"/>
						<line number="347" hits="45"/>
						<line number="348" hits="0"/>
						<line number="356" hits="2"/>
						<line number="364" hits="140"/>
						<line number="365" hits="140"/>
						<line number="366" hits="140"/>
						<line number="368" hits="1120"/>
						<line number="369" hits="1120"/>
						<line number="370" hits="140"/>
						<line number="374" hits="0"/>
						<line number="375" hits="0"/>
						<line number="385" hits="130"/>
						<line number="386" hits="130"/>
						<line number="387" hits="130"/>
						<line number="389" hits="133"/>
						<line number="390" hits="133"/>
						<line number="391" hits="0"/>
						<line number="394" hits="130"/>
						<line number="402" hits="130"/>
						<line number="403" hits="0"/>
						<line number="404" hits="0"/>
						<line number="406" hits="130"/>
						<line number="416" hits="0"/>
						<line number="417" hits="0"/>
						<line number="419" hits="0"/>
						<line number="422" hits="0"/>
						<line number="423" hits="0"/>
						<line number="424" hits="0"/>
						<line number="425" hits="0"/>
						<line number="426" hits="0"/>
						<line number="428" hits="0"/>
						<line number="431" hits="0"/>
						<line number="453" hits="97"/>
						<line number="454" hits="97"/>
						<line number="455" hits="97"/>
						<line number="456" hits="97"/>
						<line number="460" hits="97"/>
						<line number="461" hits="0"/>
						<line number="462" hits="0"/>
						<line number="463" hits="0"/>
						<line number="465" hits="0"/>
						<line number="469" hits="152"/>
						<line number="470" hits="152"/>
						<line number="471" hits="92"/>
						<line number="472" hits="46"/>
						<line number="474" hits="92"/>
						<line number="477" hits="5"/>
						<line number="482" hits="1"/>
						<line number="483" hits="1"/>
						<line number="484" hits="1"/>
						<line number="486" hits="12"/>
						<line number="487" hits="12"/>
						<line number="488" hits="6"/>
						<line number="491" hits="1"/>
						<line number="501" hits="51"/>
						<line number="502" hits="51"/>
						<line number="510" hits="16"/>
						<line number="511" hits="8"/>
						<line number="513" hits="0"/>
						<line number="514" hits="0"/>
						<line number="518" hits="16"/>
						<line number="521" hits="8"/>
						<line number="524" hits="16"/>
						<line number="526" hits="8"/>
					</lines>
				</class>
				<class name="rsd__10" filename="rsd" branch-rate="1.0" complexity="1.0" line-rate="0.499">
					<lines>
						<line number="82" hits="5"/>
						<line number="84" hits="5"/>
						<line number="85" hits="5"/>
						<line number="87" hits="5"/>
						<line number="91" hits="5"/>
						<line number="94" hits="5"/>
						<line number="107" hits="5"/>
						<line number="109" hits="5"/>
						<line number="110" hits="5"/>
						<line number="113" hits="5"/>
						<line number="117" hits="5"/>
						<line number="122" hits="10"/>
						<line number="123" hits="15"/>
						<line number="125" hits="10"/>
						<line number="127" hits="5"/>
						<line number="128" hits="5"/>
						<line number="131" hits="10"/>
						<line number="132" hits="0"/>
						<line number="133" hits="0"/>
						<line number="137" hits="10"/>
						<line number="141" hits="0"/>
						<line number="146" hits="0"/>
						<line number="147" hits="0"/>
						<line number="154" hits="10"/>
						<line number="155" hits="0"/>
						<line number="156" hits="0"/>
						<line number="157" hits="0"/>
						<line number="158" hits="0"/>
						<line number="159" hits="0"/>
						<line number="160" hits="0"/>
						<line number="161" hits="0"/>
						<line number="162" hits="0"/>
						<line number="163" hits="0"/>
						<line number="164" hits="0"/>
						<line number="165" hits="0"/>
						<line number="166" hits="0"/>
						<line number="167" hits="0"/>
						<line number="168" hits="0"/>
						<line number="169" hits="0"/>
						<line number="170" hits="0"/>
						<line number="171" hits="0"/>
						<line number="172" hits="0"/>
						<line number="173" hits="0"/>
						<line number="174" hits="0"/>
						<line number="175" hits="0"/>
						<line number="176" hits="0"/>
						<line number="177" hits="0"/>
						<line number="178" hits="0"/>
						<line number="179" hits="0"/>
						<line number="180" hits="0"/>
						<line number="182" hits="0"/>
						<line number="185" hits="5"/>
						<line number="187" hits="5"/>
						<line number="189" hits="5"/>
						<line number="193" hits="5"/>
						<line number="194" hits="5"/>
						<line number="204" hits="0"/>
						<line number="209" hits="1"/>
						<line number="211" hits="1"/>
						<line number="212" hits="1"/>
						<line number="214" hits="1"/>
						<line number="215" hits="1"/>
						<line number="216" hits="1"/>
						<line number="217" hits="1"/>
						<line number="218" hits="1"/>
						<line number="219" hits="1"/>
						<line number="220" hits="1"/>
						<line number="221" hits="1"/>
						<line number="222" hits="1"/>
						<line number="223" hits="1"/>
						<line number="224" hits="1"/>
						<line number="225" hits="1"/>
						<line number="226" hits="1"/>
						<line number="227" hits="1"/>
						<line number="228" hits="1"/>
						<line number="229" hits="1"/>
						<line number="230" hits="1"/>
						<line number="231" hits="1"/>
						<line number="232" hits="1"/>
						<line number="233" hits="1"/>
						<line number="234" hits="1"/>
						<line number="235" hits="1"/>
						<line number="236" hits="1"/>
						<line number="237" hits="1"/>
						<line number="238" hits="1"/>
						<line number="239" hits="1"/>
						<line number="240" hits="1"/>
						<line number="241" hits="1"/>
						<line number="242" hits="1"/>
						<line number="243" hits="1"/>
						<line number="244" hits="1"/>
						<line number="245" hits="1"/>
						<line number="246" hits="1"/>
						<line number="247" hits="1"/>
						<line number="248" hits="1"/>
						<line number="249" hits="1"/>
						<line number="250" hits="1"/>
						<line number="251" hits="1"/>
						<line number="253" hits="1"/>
						<line number="254" hits="1"/>
						<line number="255" hits="5"/>
						<line number="257" hits="4"/>
						<line number="258" hits="8"/>
						<line number="260" hits="4"/>
						<line number="261" hits="4"/>
						<line number="262" hits="4"/>
						<line number="263" hits="4"/>
						<line number="264" hits="2"/>
						<line number="268" hits="0"/>
						<line number="271" hits="0"/>
						<line number="272" hits="0"/>
						<line number="273" hits="0"/>
						<line number="274" hits="0"/>
						<line number="275" hits="0"/>
						<line number="277" hits="0"/>
						<line number="278" hits="0"/>
						<line number="279" hits="0"/>
						<line number="282" hits="0"/>
						<line number="283" hits="0"/>
						<line number="286" hits="0"/>
						<line number="289" hits="1"/>
						<line number="297" hits="10"/>
						<line number="298" hits="10"/>
						<line number="299" hits="10"/>
						<line number="301" hits="10"/>
						<line number="302" hits="10"/>
						<line number="304" hits="10"/>
						<line number="305" hits="0"/>
						<line number="314" hits="10"/>
						<line number="315" hits="10"/>
						<line number="317" hits="10"/>
						<line number="318" hits="0"/>
						<line number="326" hits="0"/>
						<line number="333" hits="16"/>
						<line number="334" hits="16"/>
						<line number="335" hits="16"/>
						<line number="337" hits="128"/>
						<line number="338" hits="128"/>
						<line number="339" hits="16"/>
						<line number="343" hits="0"/>
						<line number="344" hits="0"/>
						<line number="354" hits="8"/>
						<line number="355" hits="8"/>
						<line number="356" hits="8"/>
						<line number="358" hits="16"/>
						<line number="359" hits="16"/>
						<line number="360" hits="0"/>
						<line number="363" hits="8"/>
						<line number="371" hits="8"/>
						<line number="372" hits="0"/>
						<line number="373" hits="0"/>
						<line number="375" hits="8"/>
						<line number="390" hits="7"/>
						<line number="391" hits="7"/>
						<line number="392" hits="7"/>
						<line number="393" hits="7"/>
						<line number="395" hits="7"/>
						<line number="396" hits="7"/>
						<line number="398" hits="7"/>
						<line number="399" hits="7"/>
						<line number="400" hits="0"/>
						<line number="401" hits="0"/>
						<line number="403" hits="7"/>
						<line number="405" hits="7"/>
						<line number="406" hits="7"/>
						<line number="409" hits="7"/>
						<line number="411" hits="15"/>
						<line number="412" hits="13"/>
						<line number="414" hits="13"/>
						<line number="416" hits="0"/>
						<line number="417" hits="0"/>
						<line number="418" hits="0"/>
						<line number="421" hits="2"/>
						<line number="422" hits="2"/>
						<line number="423" hits="2"/>
						<line number="425" hits="2"/>
						<line number="426" hits="2"/>
						<line number="427" hits="0"/>
						<line number="428" hits="0"/>
						<line number="429" hits="0"/>
						<line number="431" hits="0"/>
						<line number="432" hits="0"/>
						<line number="435" hits="2"/>
						<line number="437" hits="0"/>
						<line number="439" hits="0"/>
						<line number="440" hits="0"/>
						<line number="443" hits="0"/>
						<line number="444" hits="0"/>
						<line number="445" hits="0"/>
						<line number="447" hits="0"/>
						<line number="449" hits="0"/>
						<line number="453" hits="11"/>
						<line number="454" hits="6"/>
						<line number="455" hits="6"/>
						<line number="457" hits="5"/>
						<line number="458" hits="5"/>
						<line number="459" hits="5"/>
						<line number="462" hits="0"/>
						<line number="467" hits="8"/>
						<line number="471" hits="7"/>
						<line number="473" hits="0"/>
						<line number="474" hits="0"/>
						<line number="475" hits="0"/>
						<line number="476" hits="0"/>
						<line number="477" hits="0"/>
						<line number="478" hits="0"/>
						<line number="479" hits="0"/>
						<line number="482" hits="7"/>
						<line number="490" hits="18"/>
						<line number="491" hits="0"/>
						<line number="492" hits="0"/>
						<line number="493" hits="0"/>
						<line number="495" hits="36"/>
						<line number="505" hits="0"/>
						<line number="506" hits="0"/>
						<line number="508" hits="0"/>
						<line number="511" hits="0"/>
						<line number="512" hits="0"/>
						<line number="513" hits="0"/>
						<line number="514" hits="0"/>
						<line number="515" hits="0"/>
						<line number="517" hits="0"/>
						<line number="520" hits="0"/>
						<line number="542" hits="8"/>
						<line number="543" hits="8"/>
						<line number="544" hits="8"/>
						<line number="545" hits="8"/>
						<line number="546" hits="8"/>
						<line number="547" hits="8"/>
						<line number="548" hits="16"/>
						<line number="550" hits="8"/>
						<line number="551" hits="8"/>
						<line number="552" hits="16"/>
						<line number="553" hits="8"/>
						<line number="554" hits="8"/>
						<line number="555" hits="4"/>
						<line number="557" hits="8"/>
						<line number="561" hits="0"/>
						<line number="571" hits="4"/>
						<line number="572" hits="4"/>
						<line number="577" hits="5"/>
						<line number="578" hits="5"/>
						<line number="579" hits="0"/>
						<line number="580" hits="0"/>
						<line number="581" hits="0"/>
						<line number="582" hits="0"/>
						<line number="583" hits="0"/>
						<line number="584" hits="0"/>
						<line number="585" hits="0"/>
						<line number="586" hits="0"/>
						<line number="588" hits="0"/>
						<line number="596" hits="0"/>
						<line number="597" hits="0"/>
						<line number="599" hits="0"/>
						<line number="600" hits="0"/>
						<line number="601" hits="0"/>
						<line number="602" hits="0"/>
						<line number="603" hits="0"/>
						<line number="604" hits="0"/>
						<line number="605" hits="0"/>
						<line number="607" hits="0"/>
						<line number="608" hits="0"/>
						<line number="609" hits="0"/>
						<line number="610" hits="0"/>
						<line number="614" hits="0"/>
						<line number="617" hits="0"/>
						<line number="618" hits="0"/>
						<line number="619" hits="0"/>
						<line number="620" hits="0"/>
						<line number="622" hits="0"/>
						<line number="625" hits="0"/>
						<line number="626" hits="0"/>
						<line number="627" hits="0"/>
						<line number="628" hits="0"/>
						<line number="629" hits="0"/>
						<line number="630" hits="0"/>
						<line number="634" hits="0"/>
						<line number="635" hits="0"/>
						<line number="636" hits="0"/>
						<line number="637" hits="0"/>
						<line number="638" hits="0"/>
						<line number="640" hits="0"/>
						<line number="641" hits="0"/>
						<line number="644" hits="0"/>
						<line number="648" hits="0"/>
						<line number="650" hits="0"/>
						<line number="653" hits="0"/>
						<line number="654" hits="0"/>
						<line number="655" hits="0"/>
						<line number="656" hits="0"/>
						<line number="657" hits="0"/>
						<line number="658" hits="0"/>
						<line number="659" hits="0"/>
						<line number="660" hits="0"/>
						<line number="661" hits="0"/>
						<line number="662" hits="0"/>
						<line number="663" hits="0"/>
						<line number="664" hits="0"/>
						<line number="667" hits="0"/>
						<line number="668" hits="0"/>
						<line number="669" hits="0"/>
						<line number="670" hits="0"/>
						<line number="671" hits="0"/>
						<line number="672" hits="0"/>
						<line number="673" hits="0"/>
						<line number="674" hits="0"/>
						<line number="675" hits="0"/>
						<line number="676" hits="0"/>
						<line number="677" hits="0"/>
						<line number="678" hits="0"/>
						<line number="679" hits="0"/>
						<line number="682" hits="0"/>
						<line number="683" hits="0"/>
						<line number="684" hits="0"/>
						<line number="685" hits="0"/>
						<line number="686" hits="0"/>
						<line number="689" hits="0"/>
						<line number="695" hits="8"/>
						<line number="696" hits="8"/>
						<line number="697" hits="16"/>
						<line number="699" hits="32"/>
						<line number="700" hits="32"/>
						<line number="701" hits="0"/>
						<line number="702" hits="0"/>
						<line number="707" hits="8"/>
						<line number="710" hits="8"/>
						<line number="713" hits="8"/>
						<line number="714" hits="8"/>
						<line number="718" hits="8"/>
						<line number="719" hits="8"/>
						<line number="722" hits="8"/>
						<line number="723" hits="0"/>
						<line number="724" hits="8"/>
						<line number="726" hits="0"/>
						<line number="727" hits="8"/>
						<line number="728" hits="0"/>
						<line number="732" hits="8"/>
						<line number="734" hits="16"/>
						<line number="737" hits="16"/>
						<line number="747" hits="5"/>
						<line number="748" hits="5"/>
						<line number="749" hits="5"/>
						<line number="752" hits="5"/>
						<line number="753" hits="0"/>
						<line number="754" hits="5"/>
						<line number="755" hits="0"/>
						<line number="757" hits="5"/>
						<line number="759" hits="5"/>
						<line number="760" hits="5"/>
						<line number="761" hits="5"/>
						<line number="764" hits="10"/>
						<line number="765" hits="5"/>
						<line number="766" hits="5"/>
						<line number="767" hits="0"/>
						<line number="768" hits="0"/>
						<line number="770" hits="0"/>
						<line number="771" hits="0"/>
						<line number="772" hits="0"/>
						<line number="773" hits="0"/>
						<line number="775" hits="0"/>
						<line number="776" hits="0"/>
						<line number="783" hits="9"/>
						<line number="784" hits="1"/>
						<line number="785" hits="1"/>
						<line number="788" hits="4"/>
						<line number="789" hits="0"/>
						<line number="790" hits="0"/>
						<line number="795" hits="4"/>
						<line number="796" hits="0"/>
						<line number="799" hits="4"/>
						<line number="801" hits="4"/>
						<line number="802" hits="0"/>
						<line number="803" hits="0"/>
						<line number="807" hits="4"/>
						<line number="808" hits="0"/>
						<line number="809" hits="0"/>
						<line number="813" hits="4"/>
						<line number="814" hits="0"/>
						<line number="815" hits="0"/>
						<line number="816" hits="0"/>
						<line number="818" hits="0"/>
						<line number="819" hits="0"/>
						<line number="823" hits="8"/>
						<line number="824" hits="0"/>
						<line number="825" hits="7"/>
						<line number="826" hits="1"/>
						<line number="832" hits="8"/>
						<line number="834" hits="4"/>
						<line number="835" hits="8"/>
						<line number="837" hits="0"/>
						<line number="838" hits="0"/>
						<line number="842" hits="12"/>
						<line number="843" hits="0"/>
						<line number="844" hits="0"/>
						<line number="848" hits="4"/>
						<line number="849" hits="0"/>
						<line number="850" hits="0"/>
						<line number="853" hits="4"/>
						<line number="854" hits="4"/>
						<line number="855" hits="4"/>
						<line number="858" hits="8"/>
						<line number="859" hits="1"/>
						<line number="860" hits="1"/>
						<line number="861" hits="0"/>
						<line number="862" hits="0"/>
						<line number="863" hits="0"/>
						<line number="864" hits="0"/>
						<line number="866" hits="1"/>
						<line number="867" hits="1"/>
						<line number="868" hits="1"/>
						<line number="869" hits="1"/>
						<line number="873" hits="3"/>
						<line number="874" hits="3"/>
						<line number="876" hits="0"/>
						<line number="880" hits="0"/>
					</lines>
				</class>
			</classes>
		</package>
	</packages>
</coverage>
